<?xml version="1.0" encoding="UTF-8"?>
<!-- Generated by org.testng.reporters.JUnitReportReporter -->
<testsuite hostname="DESKTOP-0F8CSVJ" failures="0" tests="3" name="TestNGTestCase.PriorityTest" time="27.385" errors="0" timestamp="22 Dec 2024 07:40:54 GMT">
  <testcase classname="TestNGTestCase.PriorityTest" name="clickOrders" time="22.742"/>
  <testcase classname="TestNGTestCase.PriorityTest" name="TestTitle" time="0.050"/>
  <testcase classname="TestNGTestCase.PriorityTest" name="ClickOffers" time="4.593"/>
</testsuite> <!-- TestNGTestCase.PriorityTest -->
