<?xml version="1.0" encoding="UTF-8"?>
<!-- Generated by org.testng.reporters.JUnitReportReporter -->
<testsuite hostname="DESKTOP-0F8CSVJ" failures="0" tests="3" name="TestNGTestCase.Suite" time="48.601" errors="0" timestamp="22 Dec 2024 07:40:54 GMT">
  <testcase classname="TestNGTestCase.Suite" name="OpenYoutube" time="29.048"/>
  <testcase classname="TestNGTestCase.Suite" name="OpenGoogle" time="11.029"/>
  <testcase classname="TestNGTestCase.Suite" name="OpenFacebook" time="8.524"/>
</testsuite> <!-- TestNGTestCase.Suite -->
