<?xml version="1.0" encoding="UTF-8"?>
<!-- Generated by org.testng.reporters.JUnitReportReporter -->
<testsuite hostname="DESKTOP-0F8CSVJ" failures="0" tests="5" name="TestNGTestCase.DriveACar" time="0.112" errors="0" timestamp="22 Dec 2024 07:40:54 GMT">
  <testcase classname="TestNGTestCase.DriveACar" name="putThirdGear" time="0.001"/>
  <testcase classname="TestNGTestCase.DriveACar" name="putSecondGear" time="0.003"/>
  <testcase classname="TestNGTestCase.DriveACar" name="StartTheCar" time="0.103"/>
  <testcase classname="TestNGTestCase.DriveACar" name="putFirstGear" time="0.002"/>
  <testcase classname="TestNGTestCase.DriveACar" name="putFourthGear" time="0.003"/>
</testsuite> <!-- TestNGTestCase.DriveACar -->
